Arguments: 
  /usr/local/bin/node /opt/homebrew/bin/yarn add --dev @storybook/builder-vite

PATH: 
  /opt/homebrew/opt/ffmpeg@4/bin:/opt/homebrew/bin:/opt/homebrew/sbin:/usr/local/bin:/usr/bin:/bin:/usr/sbin:/sbin:/opt/homebrew/opt/ffmpeg@4/bin:/opt/homebrew/bin:/opt/homebrew/sbin:/Users/cxr/.fig/bin:/Users/cxr/.local/bin

Yarn version: 
  1.22.17

Node version: 
  16.15.1

Platform: 
  darwin arm64

Trace: 
  Error: ENOENT: no such file or directory, copyfile '/usr/local/share/Library/Caches/Yarn/v6/npm-supports-color-8.1.1-cd6fc17e28500cff56c1b86c0a7fd4a54a73005c-integrity/node_modules/supports-color/browser.js' -> '/Users/cxr/code/one-step/node_modules/cypress/node_modules/supports-color/browser.js'

npm manifest: 
  {
    "name": "one-step",
    "private": true,
    "version": "0.0.0",
    "type": "module",
    "scripts": {
      "dev": "vite",
      "build": "vue-tsc --noEmit && vite build",
      "preview": "vite preview",
      "test": "vitest",
      "test-e2e": "cypress open --e2e",
      "test-component": "cypress open --component"
    },
    "dependencies": {
      "ant-design-vue": "^3.2.10",
      "pinia": "^2.0.17",
      "vue": "^3.2.37",
      "vue-router": "4"
    },
    "devDependencies": {
      "@vitejs/plugin-vue": "^3.0.0",
      "cypress": "^10.4.0",
      "cypress-promise": "^1.1.0",
      "typescript": "^4.6.4",
      "vite": "^3.0.0",
      "vitest": "^0.20.3",
      "vue-tsc": "^0.38.4",
      "path": "^0.12.7"
    }
  }

yarn manifest: 
  No manifest

Lockfile: 
  No lockfile
